4075
0 0 0 11
0 12 0 23
0 24 0 35
0 36 0 47
0 48 0 59
0 60 0 71
0 72 0 83
0 84 0 95
0 96 0 107
0 108 0 119
0 120 0 131
0 132 0 143
0 144 0 155
0 156 0 167
0 168 0 179
0 180 0 191
0 192 0 203
0 204 0 215
0 217 0 228
0 229 0 240
0 241 1 246
0 247 3 249
1 0 1 11
1 12 1 23
1 24 1 35
1 36 1 47
1 48 1 59
1 60 1 71
1 72 1 83
1 84 1 95
1 96 1 107
1 108 1 119
1 120 1 131
1 132 1 143
1 144 1 155
1 156 1 167
1 168 1 179
1 180 1 191
1 198 1 209
1 210 1 221
1 222 1 233
1 234 2 239
1 240 12 240
2 3 2 14
2 15 2 26
2 27 2 38
2 39 2 50
2 51 2 62
2 63 2 74
2 75 2 86
2 87 2 98
2 99 2 110
2 111 2 122
2 123 2 134
2 135 2 146
2 147 2 158
2 159 2 170
2 171 2 182
2 183 2 194
2 195 2 206
2 207 2 218
2 219 2 230
2 231 5 233
2 241 3 246
3 0 3 11
3 12 3 23
3 24 3 35
3 36 3 47
3 48 3 59
3 60 3 71
3 72 3 83
3 84 3 95
3 96 3 107
3 108 3 119
3 120 3 131
3 132 3 143
3 144 3 155
3 156 3 167
3 169 3 180
3 181 3 192
3 193 3 204
3 205 3 216
3 217 3 228
3 229 8 230
3 234 4 239
4 0 4 11
4 12 4 23
4 24 4 35
4 36 4 47
4 48 4 59
4 60 4 71
4 72 4 83
4 84 4 95
4 98 4 109
4 110 4 121
4 122 4 133
4 134 4 145
4 146 4 157
4 158 4 169
4 170 4 181
4 182 4 193
4 194 4 205
4 206 4 217
4 218 5 223
4 224 14 224
4 225 14 225
4 227 9 228
4 241 5 246
4 247 7 249
5 0 5 11
5 12 5 23
5 24 5 35
5 36 5 47
5 48 5 59
5 60 5 71
5 72 5 83
5 84 5 95
5 96 5 107
5 108 5 119
5 120 5 131
5 132 5 143
5 144 5 155
5 156 5 167
5 168 5 179
5 180 5 191
5 192 5 203
5 204 5 215
5 217 16 217
5 226 16 226
5 234 6 239
6 0 6 11
6 12 6 23
6 24 6 35
6 36 6 47
6 48 6 59
6 61 6 72
6 73 6 84
6 85 6 96
6 98 6 109
6 110 6 121
6 122 6 133
6 141 6 152
6 153 6 164
6 165 6 176
6 177 6 188
6 189 6 200
6 201 6 212
6 213 8 216
6 218 7 223
6 231 9 233
6 242 8 245
7 0 7 11
7 12 7 23
7 24 7 35
7 36 7 47
7 48 7 59
7 60 7 71
7 72 7 83
7 84 7 95
7 96 7 107
7 108 7 119
7 120 7 131
7 132 7 143
7 144 7 155
7 156 7 167
7 168 7 179
7 180 7 191
7 194 7 205
7 206 8 211
7 212 18 212
7 235 9 238
7 239 18 239
7 246 18 246
8 0 8 11
8 12 8 23
8 24 8 35
8 36 8 47
8 48 8 59
8 60 8 71
8 72 8 83
8 84 8 95
8 96 8 107
8 108 8 119
8 120 8 131
8 132 8 143
8 144 8 155
8 156 8 167
8 168 8 179
8 180 8 191
8 192 8 203
8 204 13 205
8 218 9 223
8 234 19 234
8 248 13 249
9 1 9 12
9 13 9 24
9 25 9 36
9 37 9 48
9 49 9 60
9 62 9 73
9 74 9 85
9 86 9 97
9 100 9 111
9 112 9 123
9 124 9 135
9 136 9 147
9 148 9 159
9 160 9 171
9 172 9 183
9 184 9 195
9 196 10 201
9 202 14 203
9 206 10 211
9 213 11 216
9 229 14 230
9 242 11 245
9 247 20 247
10 0 10 11
10 12 10 23
10 24 10 35
10 36 10 47
10 48 10 59
10 60 10 71
10 72 10 83
10 84 10 95
10 96 10 107
10 110 10 121
10 122 10 133
10 134 10 145
10 146 10 157
10 158 10 169
10 170 10 181
10 182 10 193
10 195 21 195
10 218 11 223
10 228 21 228
10 231 13 233
10 235 12 238
10 241 21 241
11 0 11 11
11 12 11 23
11 24 11 35
11 36 11 47
11 48 11 59
11 60 11 71
11 72 11 83
11 84 11 95
11 96 11 107
11 108 11 119
11 120 11 131
11 132 11 143
11 144 11 155
11 157 11 168
11 169 11 180
11 181 11 192
11 193 21 193
11 194 22 194
11 196 21 196
11 197 21 197
11 198 21 198
11 199 14 201
11 206 12 211
12 0 12 11
12 12 12 23
12 24 12 35
12 40 12 51
12 53 12 64
12 65 12 76
12 78 12 89
12 90 12 101
12 102 12 113
12 114 12 125
12 126 12 137
12 138 12 149
12 150 12 161
12 162 12 173
12 174 12 185
12 186 13 191
12 192 23 192
12 213 22 213
12 214 15 216
12 218 13 223
12 242 14 245
13 0 13 11
13 12 13 23
13 24 13 35
13 36 13 47
13 48 13 59
13 60 13 71
13 72 13 83
13 84 13 95
13 96 13 107
13 108 13 119
13 120 13 131
13 132 13 143
13 146 13 157
13 158 13 169
13 170 13 181
13 182 15 185
13 206 14 211
13 235 15 238
13 240 24 240
14 0 14 11
14 12 14 23
14 24 14 35
14 36 14 47
14 48 14 59
14 60 14 71
14 72 14 83
14 84 14 95
14 100 14 111
14 112 14 123
14 124 14 135
14 136 14 147
14 148 14 159
14 162 14 173
14 174 15 179
14 180 19 181
14 186 15 191
14 204 19 205
14 218 15 223
14 232 19 233
14 248 19 249
15 0 15 11
15 12 15 23
15 24 15 35
15 36 15 47
15 48 15 59
15 60 15 71
15 72 15 83
15 84 15 95
15 96 15 107
15 108 15 119
15 120 15 131
15 132 15 143
15 144 15 155
15 156 15 167
15 168 16 173
15 199 17 202
15 203 26 203
15 206 16 211
15 225 26 225
15 229 19 230
15 242 19 243
15 244 20 245
16 0 16 11
16 12 16 23
16 24 16 35
16 36 16 47
16 48 16 59
16 60 16 71
16 72 16 83
16 84 16 95
16 96 16 107
16 108 16 119
16 120 16 131
16 132 16 143
16 144 16 155
16 156 16 167
16 174 17 179
16 182 17 187
16 188 18 191
16 214 19 216
16 218 17 223
16 227 27 227
16 235 18 238
17 0 17 11
17 12 17 23
17 24 17 35
17 36 17 47
17 48 17 59
17 60 17 71
17 72 17 83
17 85 17 96
17 97 17 108
17 115 17 126
17 127 17 138
17 139 17 150
17 151 17 162
17 163 18 168
17 169 19 172
17 173 28 173
17 206 27 206
17 207 27 207
17 208 27 208
17 210 22 211
17 217 28 217
17 224 28 224
18 0 18 11
18 12 18 23
18 24 18 35
18 36 18 47
18 48 18 59
18 60 18 71
18 72 18 83
18 84 18 95
18 96 18 107
18 108 18 119
18 121 18 132
18 133 18 144
18 145 18 156
18 157 19 162
18 174 19 179
18 182 19 187
18 199 20 202
18 218 19 223
19 0 19 11
19 12 19 23
19 24 19 35
19 36 19 47
19 48 19 59
19 60 19 71
19 72 19 83
19 84 19 95
19 96 19 107
19 113 19 124
19 125 19 136
19 137 19 148
19 149 29 149
19 150 29 150
19 151 29 151
19 153 21 156
19 163 20 168
19 188 21 191
19 209 30 209
19 212 30 212
19 226 30 226
19 235 29 235
19 236 21 239
19 246 30 246
20 0 20 11
20 12 20 23
20 24 20 35
20 38 20 49
20 50 20 61
20 62 20 73
20 74 20 85
20 91 20 102
20 103 20 114
20 123 20 134
20 135 20 146
20 147 25 148
20 152 31 152
20 157 21 162
20 169 22 172
20 174 20 185
20 186 25 187
20 204 25 205
20 214 23 216
20 218 21 223
20 229 21 234
20 242 25 243
20 248 25 249
21 0 21 11
21 12 21 23
21 24 21 35
21 36 21 47
21 48 21 59
21 60 21 71
21 72 21 83
21 84 21 95
21 96 21 107
21 108 21 119
21 120 21 131
21 132 21 143
21 144 24 146
21 163 22 168
21 176 31 176
21 177 31 177
21 178 22 183
21 184 26 185
21 199 23 202
21 244 26 245
21 247 32 247
22 0 22 11
22 12 22 23
22 24 22 35
22 36 22 47
22 48 22 59
22 60 22 71
22 72 22 83
22 84 22 95
22 96 22 107
22 108 22 119
22 120 22 131
22 132 22 143
22 153 23 158
22 159 24 162
22 174 27 175
22 188 24 191
22 193 33 193
22 195 32 195
22 196 32 196
22 197 32 197
22 218 23 223
22 228 23 233
22 234 33 234
22 236 24 239
22 241 33 241
23 0 23 11
23 12 23 23
23 24 23 35
23 36 23 47
23 48 23 59
23 60 23 71
23 72 23 83
23 84 23 95
23 96 23 107
23 120 23 131
23 132 23 143
23 163 24 168
23 169 25 172
23 178 24 183
23 194 34 194
23 210 28 211
23 213 34 213
24 0 24 11
24 12 24 23
24 24 24 35
24 36 24 47
24 48 24 59
24 60 24 71
24 72 24 83
24 84 24 95
24 96 24 107
24 110 24 121
24 122 24 133
24 134 25 139
24 140 26 143
24 153 34 153
24 154 34 154
24 155 34 155
24 156 27 158
24 192 35 192
24 198 26 201
24 202 35 202
24 214 27 216
24 218 25 223
24 228 25 233
25 0 25 11
25 12 25 23
25 24 25 35
25 36 25 47
25 48 25 59
25 60 25 71
25 72 25 83
25 84 25 95
25 96 25 107
25 108 25 119
25 120 25 131
25 132 30 133
25 144 28 146
25 159 26 164
25 165 27 168
25 178 26 183
25 188 27 191
25 237 35 237
25 238 35 238
25 239 35 239
26 0 26 11
26 12 26 23
26 24 26 35
26 36 26 47
26 48 26 59
26 60 26 71
26 72 26 83
26 84 26 95
26 96 26 107
26 112 26 123
26 124 27 129
26 130 31 131
26 134 27 139
26 147 31 148
26 169 28 172
26 186 36 186
26 187 37 187
26 205 37 205
26 218 27 223
26 228 27 233
26 236 37 236
26 240 37 240
26 242 31 243
26 248 31 249
27 0 27 11
27 12 27 23
27 27 27 38
27 39 27 50
27 54 27 65
27 74 27 85
27 86 27 97
27 100 27 111
27 112 27 123
27 140 29 143
27 159 28 164
27 178 28 183
27 184 32 185
27 198 29 201
27 203 32 204
27 244 35 244
27 245 38 245
28 0 28 11
28 12 28 23
28 24 28 35
28 36 28 47
28 48 28 59
28 60 28 71
28 72 28 83
28 87 28 98
28 99 28 110
28 120 38 120
28 121 38 121
28 122 38 122
28 124 38 124
28 125 38 125
28 127 38 127
28 128 38 128
28 129 39 129
28 134 38 134
28 135 38 135
28 136 38 136
28 137 31 139
28 156 31 158
28 165 30 168
28 174 38 174
28 188 30 191
28 206 31 208
28 214 31 216
28 218 29 223
28 227 29 232
28 233 39 233
29 0 29 11
29 12 29 23
29 24 29 35
29 36 29 47
29 53 29 64
29 66 29 77
29 78 29 89
29 90 29 101
29 102 29 113
29 114 30 119
29 123 40 123
29 126 40 126
29 144 32 146
29 159 30 164
29 169 31 172
29 173 40 173
29 178 30 183
29 210 34 211
29 217 40 217
29 224 34 225
30 0 30 11
30 12 30 23
30 26 30 37
30 38 30 49
30 50 30 61
30 62 30 73
30 74 30 85
30 86 30 97
30 98 30 109
30 110 32 113
30 140 32 143
30 149 33 151
30 198 32 201
30 218 31 223
30 227 31 232
30 235 41 235
31 0 31 11
31 12 31 23
31 30 31 41
31 49 31 60
31 61 31 72
31 73 31 84
31 85 31 96
31 97 31 108
31 109 42 109
31 114 41 114
31 115 33 118
31 119 42 119
31 132 36 133
31 159 32 164
31 165 33 168
31 178 41 178
31 179 33 182
31 183 42 183
31 188 41 188
31 189 35 190
31 191 42 191
31 209 42 209
31 226 42 226
31 246 42 246
32 0 32 11
32 12 32 23
32 24 32 35
32 36 32 47
32 48 32 59
32 60 32 71
32 73 32 84
32 85 32 96
32 97 32 108
32 130 37 131
32 137 35 139
32 148 43 148
32 152 43 152
32 156 35 158
32 169 42 169
32 170 35 172
32 176 37 177
32 206 42 206
32 207 42 207
32 208 43 208
32 214 35 216
32 218 33 223
32 227 33 232
32 242 37 243
32 248 37 249
33 0 33 11
33 12 33 23
33 25 33 36
33 37 33 48
33 49 33 60
33 61 33 72
33 73 33 84
33 85 33 96
33 97 33 108
33 110 43 110
33 111 36 113
33 140 34 145
33 146 43 146
33 147 44 147
33 159 43 159
33 160 35 163
33 164 44 164
33 184 43 184
33 196 43 196
33 197 35 200
33 201 44 201
33 203 38 204
33 212 44 212
33 247 44 247
34 16 34 27
34 28 34 39
34 40 34 51
34 52 34 63
34 66 34 77
34 78 34 89
34 98 35 103
34 104 44 104
34 106 37 108
34 115 36 118
34 149 37 151
34 165 36 168
34 179 44 179
34 180 37 182
34 193 45 193
34 218 44 218
34 219 36 222
34 223 45 223
34 227 36 229
34 230 37 232
34 234 45 234
34 241 45 241
35 0 35 11
35 12 35 23
35 24 35 35
35 36 35 47
35 48 35 59
35 60 35 71
35 72 35 83
35 84 35 95
35 97 46 97
35 105 46 105
35 140 36 145
35 153 38 155
35 185 46 185
35 194 40 195
35 210 40 211
35 213 46 213
35 224 45 224
36 0 36 11
36 12 36 23
36 24 36 35
36 36 36 47
36 48 36 59
36 60 36 71
36 72 36 83
36 84 36 95
36 98 37 103
36 137 39 139
36 156 39 158
36 160 38 163
36 170 39 172
36 189 41 190
36 192 47 192
36 197 38 200
36 202 47 202
36 214 39 216
36 237 39 239
36 244 47 244
37 0 37 11
37 12 37 23
37 24 37 35
37 36 37 47
37 51 37 62
37 66 37 77
37 78 37 89
37 90 38 95
37 111 40 113
37 115 47 115
37 116 47 116
37 133 48 133
37 140 47 140
37 142 39 145
37 165 47 165
37 166 40 168
37 186 48 186
37 219 39 222
37 225 48 225
37 227 40 229
38 0 38 11
38 12 38 23
38 24 38 35
38 36 38 47
38 48 38 59
38 60 38 71
38 72 38 83
38 84 39 89
38 98 39 103
38 106 41 108
38 117 48 117
38 130 41 132
38 141 49 141
38 149 41 151
38 175 41 177
38 180 41 182
38 187 49 187
38 205 49 205
38 230 41 232
38 236 49 236
38 240 49 240
38 242 43 243
38 248 43 249
39 2 39 13
39 14 39 25
39 26 39 37
39 38 39 49
39 50 39 61
39 62 39 73
39 74 49 74
39 75 40 80
39 81 42 83
39 90 40 95
39 96 50 96
39 120 42 122
39 124 44 125
39 127 44 128
39 134 42 136
39 153 42 155
39 160 41 163
39 197 41 200
39 203 44 204
39 245 50 245
40 2 40 13
40 14 40 25
40 26 40 37
40 38 40 49
40 50 40 61
40 62 40 73
40 84 41 89
40 98 41 103
40 129 51 129
40 137 43 139
40 142 42 145
40 156 43 158
40 170 43 172
40 214 43 216
40 219 42 222
40 233 51 233
40 237 43 239
41 0 41 11
41 12 41 23
41 24 41 35
41 36 41 47
41 48 41 59
41 60 41 71
41 72 46 73
41 75 42 80
41 90 42 95
41 111 44 113
41 123 52 123
41 126 52 126
41 166 44 168
41 173 46 174
41 194 46 195
41 210 46 211
41 227 44 229
42 0 42 11
42 13 42 24
42 25 42 36
42 40 42 51
42 52 42 63
42 64 43 69
42 70 47 71
42 84 52 84
42 85 44 88
42 98 43 103
42 106 45 108
42 114 53 114
42 130 45 132
42 150 47 151
42 160 44 163
42 175 46 176
42 177 52 177
42 178 53 178
42 180 52 180
42 181 52 181
42 182 53 182
42 188 45 190
42 197 44 200
42 230 45 232
42 235 53 235
43 0 43 11
43 12 43 23
43 24 43 35
43 36 43 47
43 48 43 59
43 60 45 63
43 75 44 80
43 81 46 83
43 89 44 94
43 95 54 95
43 109 54 109
43 119 45 122
43 134 46 136
43 142 45 145
43 149 54 149
43 154 48 155
43 169 54 169
43 183 54 183
43 191 54 191
43 206 48 207
43 209 54 209
43 219 45 222
43 226 54 226
43 246 54 246
44 0 44 11
44 12 44 23
44 24 44 35
44 36 44 47
44 48 44 59
44 64 45 69
44 98 45 103
44 110 55 110
44 118 55 118
44 137 47 139
44 146 55 146
44 148 55 148
44 152 54 152
44 156 54 156
44 157 47 159
44 170 47 172
44 184 55 184
44 196 55 196
44 208 55 208
44 214 46 217
44 238 54 238
44 239 55 239
44 242 49 243
44 248 49 249
45 0 45 11
45 12 45 23
45 24 45 35
45 36 45 47
45 48 45 59
45 75 46 80
45 85 55 85
45 86 55 86
45 87 46 92
45 93 50 94
45 104 56 104
45 111 48 113
45 124 50 125
45 127 50 128
45 147 56 147
45 153 56 153
45 160 47 163
45 164 56 164
45 166 48 168
45 179 56 179
45 197 47 200
45 201 56 201
45 203 50 204
45 212 56 212
45 218 56 218
45 227 48 229
45 247 56 247
46 2 46 13
46 14 46 25
46 26 46 37
46 38 46 49
46 52 46 63
46 64 47 69
46 98 47 103
46 106 56 106
46 108 57 108
46 119 48 122
46 131 56 131
46 142 56 142
46 143 49 145
46 188 49 190
46 193 57 193
46 219 47 224
46 230 49 232
46 241 57 241
47 0 47 11
47 12 47 23
47 24 47 35
47 36 47 47
47 48 47 59
47 60 49 63
47 72 52 73
47 75 48 80
47 81 50 83
47 87 48 92
47 97 58 97
47 105 58 105
47 107 58 107
47 130 58 130
47 134 50 136
47 173 49 176
47 185 58 185
47 195 58 195
47 210 52 211
47 213 49 216
47 217 58 217
48 12 48 23
48 24 48 35
48 36 48 47
48 48 48 59
48 64 58 64
48 66 58 66
48 67 58 67
48 68 50 71
48 98 49 103
48 115 53 116
48 137 50 140
48 150 53 151
48 157 49 162
48 163 59 163
48 165 59 165
48 170 51 172
48 192 59 192
48 194 59 194
48 197 50 200
48 202 59 202
48 219 58 219
48 220 50 223
48 224 59 224
48 244 59 244
49 0 49 11
49 12 49 23
49 24 49 35
49 37 49 48
49 50 59 50
49 51 59 51
49 52 59 52
49 53 59 53
49 54 50 59
49 65 60 65
49 75 50 80
49 87 50 92
49 111 52 113
49 117 60 117
49 119 51 122
49 132 54 133
49 154 54 155
49 166 52 168
49 186 60 186
49 206 54 207
49 225 60 225
49 227 59 227
49 228 54 229
49 234 60 234
50 0 50 11
50 12 50 23
50 24 50 35
50 36 50 47
50 48 55 49
50 60 52 63
50 74 61 74
50 98 60 98
50 99 60 99
50 100 60 100
50 102 55 103
50 143 53 145
50 157 51 162
50 173 52 176
50 187 52 190
50 205 61 205
50 213 52 216
50 230 53 232
50 236 60 236
50 242 55 243
50 248 55 249
51 0 51 11
51 12 51 23
51 24 51 35
51 36 51 47
51 54 52 59
51 68 61 68
51 69 54 71
51 75 52 80
51 81 54 83
51 87 52 92
51 93 56 94
51 96 62 96
51 101 62 101
51 124 56 125
51 127 56 128
51 134 52 139
51 140 56 141
51 197 53 200
51 203 56 204
51 220 53 223
51 237 62 237
52 0 52 11
52 12 52 23
52 24 52 35
52 38 62 38
52 40 53 45
52 46 57 47
52 119 54 122
52 129 63 129
52 157 62 157
52 158 54 161
52 162 63 162
52 170 55 172
52 233 63 233
53 0 53 11
53 12 53 23
53 24 53 35
53 36 58 37
53 39 64 39
53 54 54 59
53 60 63 60
53 61 63 61
53 63 64 63
53 72 63 72
53 73 64 73
53 75 54 80
53 84 64 84
53 87 54 92
53 111 56 113
53 126 64 126
53 134 54 139
53 166 56 168
53 173 55 176
53 177 64 177
53 180 58 181
53 187 57 188
53 189 63 189
53 210 63 210
53 211 64 211
53 213 55 216
54 0 54 11
54 12 54 23
54 24 54 35
54 40 55 45
54 114 64 114
54 115 59 116
54 143 57 145
54 150 59 151
54 178 65 178
54 182 65 182
54 197 56 200
54 220 56 223
54 230 57 232
54 235 65 235
54 240 65 240
55 0 55 11
55 12 55 23
55 24 55 35
55 54 56 59
55 69 65 69
55 71 66 71
55 75 56 80
55 82 60 83
55 87 56 92
55 95 66 95
55 109 66 109
55 119 57 122
55 133 65 133
55 134 56 139
55 149 66 149
55 152 66 152
55 154 58 156
55 158 57 161
55 169 66 169
55 183 66 183
55 191 66 191
55 206 60 207
55 209 66 209
55 226 66 226
55 229 66 229
55 238 66 238
55 245 60 246
56 0 56 11
56 12 56 23
56 26 57 31
56 32 58 35
56 40 57 45
56 48 66 48
56 49 67 49
56 81 67 81
56 85 61 86
56 102 61 103
56 110 67 110
56 118 67 118
56 123 67 123
56 132 67 132
56 146 67 146
56 170 57 175
56 176 67 176
56 184 67 184
56 190 67 190
56 196 67 196
56 208 67 208
56 213 58 216
56 239 67 239
56 242 64 242
56 243 67 243
56 248 61 249
57 0 57 11
57 13 57 24
57 25 68 25
57 54 58 59
57 75 58 80
57 87 58 92
57 93 62 94
57 104 68 104
57 106 68 106
57 111 67 111
57 112 62 113
57 124 62 125
57 127 62 128
57 131 68 131
57 134 58 139
57 140 60 142
57 147 62 148
57 153 68 153
57 164 68 164
57 168 68 168
57 179 68 179
57 197 59 200
57 201 68 201
57 203 62 204
57 212 68 212
57 220 59 223
57 247 68 247
58 0 58 11
58 12 58 23
58 24 69 24
58 26 59 31
58 40 59 45
58 46 68 46
58 47 69 47
58 62 69 62
58 70 69 70
58 108 69 108
58 119 60 122
58 143 61 145
58 158 60 161
58 167 69 167
58 170 59 175
58 187 63 188
58 193 69 193
58 230 61 232
58 241 69 241
59 0 59 11
59 12 59 23
59 32 60 37
59 55 61 58
59 64 70 64
59 66 64 67
59 75 60 80
59 87 60 92
59 97 70 97
59 105 70 105
59 107 70 107
59 130 70 130
59 134 60 139
59 154 62 156
59 180 64 181
59 185 70 185
59 195 70 195
59 213 60 218
59 219 70 219
60 4 60 15
60 16 61 21
60 22 65 23
60 26 70 26
60 27 62 30
60 31 71 31
60 40 61 45
60 50 62 53
60 59 71 59
60 150 65 151
60 163 71 163
60 165 65 166
60 170 61 175
60 194 71 194
60 197 62 200
60 202 71 202
60 220 62 223
60 224 71 224
60 227 65 228
60 244 71 244
61 0 61 11
61 12 63 15
61 32 62 37
61 54 72 54
61 75 62 80
61 82 66 83
61 87 62 92
61 98 64 100
61 116 66 117
61 119 71 119
61 120 71 120
61 121 71 121
61 134 62 139
61 140 64 142
61 158 63 161
61 186 72 186
61 206 66 207
61 213 62 218
61 225 72 225
61 234 72 234
61 245 66 246
62 0 62 11
62 16 63 21
62 40 63 45
62 56 65 58
62 65 73 65
62 68 73 68
62 74 73 74
62 86 73 86
62 102 67 103
62 143 65 145
62 170 63 175
62 205 73 205
62 230 65 232
62 248 67 249
63 1 64 6
63 7 65 10
63 11 74 11
63 27 65 30
63 32 64 37
63 38 74 38
63 50 65 53
63 55 74 55
63 75 64 80
63 85 74 85
63 87 64 92
63 93 68 94
63 101 74 101
63 112 68 113
63 122 74 122
63 124 68 125
63 127 68 128
63 134 64 139
63 147 68 148
63 155 66 157
63 197 65 200
63 203 68 204
63 213 64 218
63 220 65 223
64 0 75 0
64 12 74 12
64 13 74 13
64 14 74 14
64 15 74 15
64 16 74 16
64 17 66 20
64 40 65 45
64 60 69 61
64 72 75 72
64 129 75 129
64 158 66 161
64 162 75 162
64 170 65 175
64 187 67 189
64 192 75 192
64 210 75 210
64 237 75 237
65 1 75 1
65 2 75 2
65 3 75 3
65 4 69 5
65 32 66 37
65 39 76 39
65 63 76 63
65 66 70 67
65 73 76 73
65 75 66 80
65 84 76 84
65 87 66 92
65 96 76 96
65 98 68 100
65 114 70 115
65 126 76 126
65 134 66 139
65 140 68 142
65 177 76 177
65 180 70 181
65 211 76 211
65 213 66 218
65 233 76 233
65 242 76 242
66 6 68 9
66 10 77 10
66 21 69 23
66 27 68 30
66 40 67 45
66 50 68 53
66 56 69 58
66 69 77 69
66 133 77 133
66 143 76 143
66 144 71 145
66 150 71 151
66 165 76 165
66 166 77 166
66 170 67 175
66 178 77 178
66 197 76 197
66 199 71 200
66 220 68 223
66 227 71 228
66 230 69 232
66 235 76 235
67 17 77 17
67 18 70 20
67 32 69 34
67 35 70 37
67 48 78 48
67 71 78 71
67 75 68 80
67 82 72 83
67 87 68 92
67 95 78 95
67 109 78 109
67 116 72 117
67 134 68 139
67 149 78 149
67 152 78 152
67 154 68 159
67 160 72 161
67 169 78 169
67 183 78 183
67 191 78 191
67 198 78 198
67 206 72 207
67 209 78 209
67 213 68 218
67 229 78 229
67 236 78 236
67 238 78 238
67 245 72 246
68 40 69 45
68 49 79 49
68 81 79 81
68 102 73 103
68 110 73 111
68 118 79 118
68 123 79 123
68 132 79 132
68 170 69 175
68 176 79 176
68 184 79 184
68 187 70 190
68 208 79 208
68 226 79 226
68 239 73 240
68 243 79 243
68 248 73 249
69 6 71 9
69 25 80 25
69 27 71 30
69 50 71 53
69 75 70 80
69 87 70 92
69 93 74 94
69 98 72 100
69 106 80 106
69 112 74 113
69 124 74 125
69 127 74 128
69 131 80 131
69 134 70 139
69 140 72 142
69 146 72 148
69 153 70 158
69 159 80 159
69 168 80 168
69 179 80 179
69 203 74 204
69 212 70 217
69 218 80 218
69 220 71 223
69 247 80 247
70 4 75 5
70 21 80 21
70 22 73 24
70 32 73 34
70 40 71 45
70 47 81 47
70 56 73 58
70 60 73 62
70 104 81 104
70 164 81 164
70 167 81 167
70 170 71 175
70 193 81 193
70 230 73 232
71 18 74 20
71 26 82 26
71 35 74 37
71 46 82 46
71 64 82 64
71 66 76 67
71 75 72 80
71 87 72 92
71 97 82 97
71 105 82 105
71 107 76 108
71 114 76 115
71 130 82 130
71 134 72 139
71 153 81 153
71 154 81 154
71 156 81 156
71 157 81 157
71 158 82 158
71 180 74 182
71 185 82 185
71 187 73 190
71 195 76 196
71 212 72 217
71 219 82 219
72 6 74 9
72 27 74 30
72 31 83 31
72 40 73 45
72 50 74 53
72 59 83 59
72 121 83 121
72 144 77 145
72 150 77 151
72 163 83 163
72 170 73 175
72 194 83 194
72 199 74 202
72 220 74 223
72 224 83 224
72 227 77 228
72 244 83 244
73 54 84 54
73 75 74 80
73 82 78 83
73 87 74 92
73 98 76 100
73 116 78 117
73 134 74 139
73 140 76 142
73 146 76 148
73 160 78 161
73 206 78 207
73 212 74 217
73 225 84 225
73 234 84 234
73 245 78 246
74 22 77 24
74 32 77 34
74 40 75 45
74 56 77 58
74 60 77 62
74 65 85 65
74 68 85 68
74 74 85 74
74 86 85 86
74 102 79 103
74 170 75 175
74 187 76 190
74 205 85 205
74 230 77 232
74 248 79 249
75 6 77 9
75 11 76 16
75 18 78 20
75 27 77 30
75 35 77 38
75 50 77 53
75 75 76 80
75 85 86 85
75 88 85 88
75 89 76 94
75 101 86 101
75 110 77 113
75 124 80 125
75 127 80 128
75 134 76 139
75 180 78 182
75 199 76 204
75 212 76 217
75 220 77 223
76 0 77 5
76 40 77 45
76 72 87 72
76 119 81 120
76 122 87 122
76 129 87 129
76 155 87 155
76 162 87 162
76 170 77 175
76 192 87 192
76 210 87 210
76 237 87 237
76 239 86 239
77 11 78 16
77 39 88 39
77 63 88 63
77 66 87 66
77 73 88 73
77 75 78 80
77 84 88 84
77 89 78 94
77 96 88 96
77 98 80 100
77 107 82 108
77 114 82 115
77 126 88 126
77 134 78 139
77 140 79 143
77 146 87 146
77 147 82 148
77 165 88 165
77 177 88 177
77 186 79 189
77 190 88 190
77 197 88 197
77 199 78 204
77 212 87 212
77 214 87 214
77 215 87 215
77 216 82 217
77 233 88 233
77 235 88 235
77 240 80 242
78 1 79 6
78 7 88 7
78 8 81 10
78 17 89 17
78 22 81 24
78 27 80 30
78 32 79 37
78 38 89 38
78 40 79 45
78 50 80 53
78 55 80 58
78 60 81 62
78 69 88 69
78 110 80 113
78 133 89 133
78 144 83 145
78 150 83 151
78 166 89 166
78 170 88 170
78 171 80 174
78 175 89 175
78 178 89 178
78 220 80 223
78 227 83 228
78 230 81 232
79 0 90 0
79 11 89 11
79 13 81 16
79 18 82 20
79 48 90 48
79 70 84 71
79 75 80 80
79 82 84 83
79 87 90 87
79 89 80 94
79 109 90 109
79 116 84 117
79 134 80 139
79 149 90 149
79 152 90 152
79 160 84 161
79 169 90 169
79 180 89 180
79 181 89 181
79 183 90 183
79 191 90 191
79 198 80 203
79 204 90 204
79 206 84 207
79 209 90 209
79 213 90 213
79 229 90 229
79 236 90 236
79 238 90 238
79 245 84 246
80 1 81 6
80 32 81 37
80 40 81 45
80 49 91 49
80 81 91 81
80 95 91 95
80 102 85 103
80 118 91 118
80 123 91 123
80 132 91 132
80 140 82 143
80 176 91 176
80 184 91 184
80 186 82 189
80 208 91 208
80 226 91 226
80 248 85 249
81 21 92 21
81 25 92 25
81 27 83 30
81 50 83 53
81 55 83 58
81 67 92 67
81 75 91 75
81 76 83 79
81 89 82 94
81 98 84 100
81 106 92 106
81 110 83 113
81 124 86 125
81 127 86 128
81 131 92 131
81 134 82 139
81 159 92 159
81 168 92 168
81 171 83 174
81 179 92 179
81 182 92 182
81 198 82 203
81 220 83 223
81 240 83 243
81 247 92 247
82 1 83 6
82 8 85 10
82 13 84 16
82 22 85 24
82 32 83 37
82 40 83 45
82 47 93 47
82 60 85 62
82 80 93 80
82 104 93 104
82 119 92 119
82 153 87 154
82 156 87 157
82 164 93 164
82 167 93 167
82 193 93 193
82 230 85 232
83 12 94 12
83 18 86 20
83 26 94 26
83 46 94 46
83 64 94 64
83 89 84 94
83 97 94 97
83 105 94 105
83 107 93 107
83 108 94 108
83 114 88 115
83 130 94 130
83 134 84 139
83 140 85 143
83 147 88 148
83 158 94 158
83 185 85 188
83 189 94 189
83 198 84 203
83 216 85 219
84 1 85 6
84 27 85 32
84 33 86 36
84 37 95 37
84 40 85 45
84 50 86 53
84 55 86 58
84 59 95 59
84 76 86 79
84 110 86 113
84 120 89 121
84 144 89 145
84 163 95 163
84 171 86 174
84 194 94 194
84 195 94 195
84 220 86 223
84 224 95 224
84 227 89 228
84 240 86 243
84 244 95 244
85 13 87 16
85 54 96 54
85 70 90 71
85 82 90 83
85 89 86 94
85 98 88 100
85 116 90 117
85 134 86 139
85 150 90 151
85 161 96 161
85 198 86 203
85 206 90 207
85 225 96 225
85 234 96 234
85 246 96 246
86 1 87 6
86 8 89 10
86 22 89 24
86 27 87 32
86 40 87 45
86 60 89 62
86 65 97 65
86 74 97 74
86 86 97 86
86 88 97 88
86 102 91 103
86 140 88 143
86 185 88 188
86 205 97 205
86 211 97 211
86 216 88 219
86 230 89 232
86 245 97 245
86 248 91 249
87 18 97 18
87 19 92 20
87 33 89 36
87 50 89 53
87 55 89 58
87 76 89 79
87 85 98 85
87 89 97 89
87 90 97 90
87 91 97 91
87 92 90 94
87 110 89 113
87 124 97 124
87 127 92 128
87 134 88 139
87 171 89 174
87 198 88 203
87 220 89 223
87 239 89 242
87 243 98 243
88 1 89 6
88 13 90 16
88 27 89 32
88 40 89 45
88 66 99 66
88 72 99 72
88 122 99 122
88 125 99 125
88 129 99 129
88 153 90 156
88 157 99 157
88 162 99 162
88 192 99 192
88 210 99 210
88 212 99 212
88 214 93 215
88 237 99 237
89 7 100 7
89 39 100 39
89 63 100 63
89 68 94 69
89 73 100 73
89 84 100 84
89 96 100 96
89 98 91 101
89 114 94 115
89 126 100 126
89 134 90 139
89 140 91 143
89 147 94 148
89 170 100 170
89 177 100 177
89 185 91 188
89 190 100 190
89 196 90 201
89 202 94 203
89 216 91 219
89 233 100 233
89 235 100 235
90 1 91 6
90 8 92 11
90 17 101 17
90 22 93 24
90 27 91 32
90 33 92 36
90 40 100 40
90 41 100 41
90 42 100 42
90 45 101 45
90 50 92 53
90 55 92 58
90 60 93 62
90 76 92 79
90 110 92 113
90 120 95 121
90 144 100 144
90 145 100 145
90 171 92 174
90 178 101 178
90 180 95 181
90 221 93 223
90 227 95 228
90 230 100 230
90 232 101 232
90 239 92 242
91 13 93 16
91 48 102 48
91 70 96 71
91 82 96 83
91 87 102 87
91 92 101 92
91 93 101 93
91 109 102 109
91 116 96 117
91 133 92 138
91 139 102 139
91 149 101 149
91 151 101 151
91 152 101 152
91 153 101 153
91 154 94 156
91 160 102 160
91 166 102 166
91 169 102 169
91 175 102 175
91 183 102 183
91 191 102 191
91 196 92 201
91 204 102 204
91 206 96 207
91 209 102 209
91 213 102 213
91 229 102 229
91 231 102 231
91 236 102 236
91 238 102 238
92 0 93 5
92 6 103 6
92 27 102 27
92 29 94 32
92 38 103 38
92 43 97 44
92 49 103 49
92 75 103 75
92 94 97 95
92 98 102 98
92 99 94 102
92 103 103 103
92 118 103 118
92 123 103 123
92 132 103 132
92 140 94 143
92 146 103 146
92 165 103 165
92 176 103 176
92 184 94 187
92 188 103 188
92 208 103 208
92 216 102 216
92 217 102 217
92 218 102 218
92 219 102 219
92 226 103 226
92 248 97 249
93 8 103 8
93 9 96 11
93 19 96 21
93 25 104 25
93 33 95 36
93 50 95 53
93 55 95 58
93 67 104 67
93 76 95 79
93 106 104 106
93 110 95 113
93 119 104 119
93 127 98 128
93 131 104 131
93 133 94 138
93 159 104 159
93 168 104 168
93 171 95 174
93 179 104 179
93 182 104 182
93 196 94 201
93 240 96 242
93 247 104 247
94 0 95 5
94 13 96 16
94 22 97 24
94 28 105 28
94 60 97 62
94 80 99 81
94 104 105 104
94 107 105 107
94 164 105 164
94 167 105 167
94 193 105 193
94 214 99 215
94 220 96 223
94 239 105 239
95 12 106 12
95 26 106 26
95 29 105 29
95 30 98 32
95 46 100 47
95 64 106 64
95 68 100 69
95 97 106 97
95 99 99 100
95 101 100 102
95 105 106 105
95 108 106 108
95 115 106 115
95 130 106 130
95 133 96 138
95 140 97 143
95 147 100 148
95 150 106 150
95 154 98 156
95 158 106 158
95 185 98 187
95 189 106 189
95 194 96 199
95 200 97 203
96 1 98 4
96 5 107 5
96 33 98 36
96 37 107 37
96 50 98 53
96 55 98 58
96 59 107 59
96 76 98 79
96 110 98 113
96 120 101 121
96 171 98 174
96 180 101 181
96 224 107 224
96 227 101 228
96 244 107 244
97 9 100 11
97 13 99 16
97 19 100 21
97 71 108 71
97 82 102 83
97 133 98 138
97 161 108 161
97 184 108 184
97 194 98 199
97 206 102 207
97 220 99 223
97 225 108 225
97 234 108 234
97 240 100 242
98 22 101 24
98 43 108 43
98 44 109 44
98 54 109 54
98 60 101 62
98 65 109 65
98 70 109 70
98 74 109 74
98 86 109 86
98 89 101 91
98 94 108 94
98 116 108 116
98 124 109 124
98 140 108 140
98 141 108 141
98 142 103 143
98 200 100 203
98 205 109 205
98 211 109 211
98 245 103 246
98 248 103 249
99 0 101 3
99 4 110 4
99 30 109 30
99 31 100 36
99 50 101 53
99 55 101 58
99 76 101 79
99 85 110 85
99 88 110 88
99 110 101 113
99 127 104 128
99 133 100 138
99 154 102 156
99 163 110 163
99 171 101 174
99 185 102 187
99 194 100 199
99 243 110 243
100 13 102 16
100 66 111 66
100 72 111 72
100 99 105 100
100 117 111 117
100 122 111 122
100 125 111 125
100 129 111 129
100 157 111 157
100 162 111 162
100 192 111 192
100 212 111 212
100 214 105 215
100 220 110 220
100 221 103 223
100 237 111 237
101 7 112 7
101 9 104 11
101 19 104 21
101 31 102 36
101 39 103 42
101 46 106 47
101 63 112 63
101 68 106 69
101 73 112 73
101 80 111 80
101 84 112 84
101 95 106 96
101 101 106 102
101 114 112 114
101 126 112 126
101 133 102 138
101 144 106 145
101 147 106 148
101 170 112 170
101 177 112 177
101 190 112 190
101 194 111 194
101 195 111 195
101 196 111 196
101 197 111 197
101 198 102 203
101 230 112 230
101 233 112 233
101 235 112 235
101 241 106 242
102 0 104 3
102 17 107 18
102 22 105 24
102 45 113 45
102 50 104 53
102 55 104 58
102 60 105 62
102 76 104 79
102 81 113 81
102 89 104 92
102 93 113 93
102 110 104 113
102 120 107 121
102 149 113 149
102 151 105 153
102 171 104 174
102 180 107 181
102 227 107 228
102 240 113 240
103 13 105 16
103 27 114 27
103 31 104 36
103 48 114 48
103 82 108 83
103 87 114 87
103 98 114 98
103 109 114 109
103 133 104 138
103 154 106 156
103 166 114 166
103 183 114 183
103 185 106 187
103 191 114 191
103 198 104 203
103 204 114 204
103 206 108 207
103 209 108 210
103 216 105 219
103 229 114 229
103 231 108 232
103 236 114 236
104 6 115 6
104 38 106 41
104 42 115 42
104 75 115 75
104 103 115 103
104 123 115 123
104 132 115 132
104 139 115 139
104 142 109 143
104 146 115 146
104 160 115 160
104 165 115 165
104 175 109 176
104 188 115 188
104 208 115 208
104 221 114 221
104 222 109 223
104 226 115 226
104 245 109 246
105 0 107 3
105 8 107 11
105 19 108 21
105 25 116 25
105 31 106 36
105 49 107 52
105 53 116 53
105 55 107 58
105 76 107 79
105 89 107 92
105 110 107 113
105 119 116 119
105 127 110 128
105 131 116 131
105 133 106 138
105 168 110 169
105 171 115 171
105 172 108 174
105 179 116 179
105 182 116 182
105 198 115 198
105 200 115 200
105 201 108 203
106 13 116 13
106 14 116 14
106 15 111 16
106 22 109 24
106 28 116 28
106 60 109 62
106 67 117 67
106 99 111 100
106 104 117 104
106 106 111 107
106 151 109 153
106 167 117 167
106 193 117 193
106 199 117 199
106 213 107 218
106 219 117 219
106 239 117 239
107 26 118 26
107 31 117 31
107 32 109 35
107 38 109 41
107 46 112 47
107 64 118 64
107 68 112 69
107 95 110 97
107 101 112 102
107 105 118 105
107 108 118 108
107 115 118 115
107 118 118 118
107 130 118 130
107 133 117 133
107 134 117 134
107 135 117 135
107 137 112 138
107 144 117 144
107 145 118 145
107 147 112 148
107 154 117 154
107 156 118 156
107 158 112 159
107 178 118 178
107 185 110 187
107 189 118 189
107 241 112 242
107 248 112 249
108 0 110 3
108 5 119 5
108 9 110 12
108 17 118 17
108 18 119 18
108 36 113 37
108 49 110 52
108 55 110 58
108 59 119 59
108 76 110 79
108 89 110 92
108 110 110 113
108 120 113 121
108 136 119 136
108 180 113 181
108 213 109 218
108 224 119 224
108 227 113 228
108 244 119 244
108 247 119 247
109 8 120 8
109 19 119 19
109 20 114 21
109 43 120 43
109 71 120 71
109 82 114 83
109 94 120 94
109 116 120 116
109 140 114 141
109 161 120 161
109 172 112 174
109 184 120 184
109 201 112 203
109 206 114 207
109 209 114 210
109 225 120 225
109 231 119 231
109 238 120 238
110 22 113 24
110 30 121 30
110 32 112 35
110 38 112 41
110 44 121 44
110 54 121 54
110 60 113 62
110 65 121 65
110 74 121 74
110 86 121 86
110 124 121 124
110 142 115 143
110 150 112 153
110 164 121 164
110 176 121 176
110 205 121 205
110 211 121 211
110 213 111 218
110 222 115 223
110 232 121 232
110 245 115 246
111 0 113 3
111 4 122 4
111 9 115 10
111 11 121 11
111 29 122 29
111 49 121 49
111 50 114 52
111 55 113 58
111 76 113 79
111 85 122 85
111 88 113 91
111 92 122 92
111 95 114 97
111 110 113 113
111 127 116 128
111 155 122 155
111 163 122 163
111 168 116 169
111 175 122 175
111 185 114 187
111 220 122 220
111 243 122 243
112 15 117 16
112 66 123 66
112 72 123 72
112 99 117 100
112 106 117 107
112 117 123 117
112 122 123 122
112 125 123 125
112 129 123 129
112 157 123 157
112 162 123 162
112 192 123 192
112 195 115 197
112 212 113 217
112 218 123 218
112 237 123 237
113 7 124 7
113 32 115 35
113 38 115 41
113 46 118 47
113 63 124 63
113 68 123 68
113 69 123 69
113 80 124 80
113 84 124 84
113 101 118 102
113 114 124 114
113 126 124 126
113 137 123 137
113 138 124 138
113 147 123 147
113 148 124 148
113 150 115 153
113 158 118 159
113 170 124 170
113 172 116 174
113 190 124 190
113 194 124 194
113 201 116 203
113 230 124 230
113 233 116 235
113 241 118 242
113 248 118 249
114 0 116 3
114 22 117 24
114 36 119 37
114 45 125 45
114 55 116 58
114 60 117 62
114 76 124 76
114 77 124 77
114 78 119 79
114 81 125 81
114 88 116 91
114 93 125 93
114 110 116 113
114 120 119 121
114 149 125 149
114 177 125 177
114 180 124 180
114 181 125 181
114 212 115 217
114 227 124 227
114 228 125 228
114 240 125 240
115 20 120 21
115 27 126 27
115 48 126 48
115 50 118 52
115 73 126 73
115 82 120 83
115 87 126 87
115 95 117 98
115 109 126 109
115 140 120 141
115 166 126 166
115 183 126 183
115 185 118 187
115 191 126 191
115 204 126 204
115 206 120 207
115 209 120 210
115 221 126 221
115 229 126 229
115 236 126 236
116 6 127 6
116 9 121 10
116 32 118 35
116 38 126 38
116 39 118 42
116 75 127 75
116 123 127 123
116 132 127 132
116 139 127 139
116 142 121 143
116 146 127 146
116 150 118 153
116 160 127 160
116 165 127 165
116 171 127 171
116 188 127 188
116 195 118 198
116 200 127 200
116 208 127 208
116 212 117 217
116 222 121 223
116 226 127 226
116 245 121 246
117 0 119 3
117 12 121 13
117 14 128 14
117 25 128 25
117 28 128 28
117 53 128 53
117 55 119 58
117 88 119 91
117 110 119 113
117 119 128 119
117 127 122 128
117 131 128 131
117 168 122 169
117 172 120 174
117 179 128 179
117 182 128 182
117 201 120 203
117 233 120 235
118 15 128 15
118 16 129 16
118 22 121 24
118 31 129 31
118 60 121 62
118 67 129 67
118 95 119 100
118 103 123 104
118 106 128 106
118 107 129 107
118 133 121 135
118 144 129 144
118 167 129 167
118 193 129 193
118 199 129 199
118 212 119 217
118 219 129 219
118 239 129 239
119 26 130 26
119 33 122 35
119 39 129 39
119 40 129 40
119 41 129 41
119 42 130 42
119 46 124 47
119 50 122 52
119 64 130 64
119 101 124 102
119 108 130 108
119 115 130 115
119 118 130 118
119 130 130 130
119 145 130 145
119 150 121 153
119 156 130 156
119 158 124 159
119 178 130 178
119 185 122 187
119 189 130 189
119 195 121 198
119 241 124 242
119 248 124 249
120 0 122 3
120 5 131 5
120 17 123 19
120 36 125 37
120 55 122 58
120 59 131 59
120 79 131 79
120 88 122 91
120 95 121 100
120 110 122 113
120 120 125 121
120 136 131 136
120 212 130 212
120 213 122 216
120 217 131 217
120 224 131 224
120 231 131 231
120 244 131 244
120 247 131 247
121 8 132 8
121 20 126 21
121 43 132 43
121 71 132 71
121 82 126 83
121 94 132 94
121 105 132 105
121 116 132 116
121 140 126 141
121 161 132 161
121 172 124 174
121 201 124 203
121 206 126 207
121 209 126 210
121 225 132 225
121 233 124 235
121 238 132 238
122 9 124 12
122 13 133 13
122 23 127 24
122 30 133 30
122 44 133 44
122 49 133 49
122 60 125 62
122 65 133 65
122 70 133 70
122 74 133 74
122 86 133 86
122 95 123 100
122 124 133 124
122 133 125 135
122 142 127 143
122 150 124 153
122 164 133 164
122 176 133 176
122 195 132 195
122 196 132 196
122 197 127 198
122 205 133 205
122 211 133 211
122 222 127 223
122 232 133 232
122 245 127 246
123 0 125 3
123 4 134 4
123 29 134 29
123 33 126 35
123 50 126 52
123 54 125 57
123 58 134 58
123 78 134 78
123 85 134 85
123 88 125 91
123 92 134 92
123 110 125 113
123 127 133 127
123 154 128 155
123 168 128 169
123 175 134 175
123 184 125 187
123 213 125 216
123 220 134 220
123 243 134 243
124 17 127 19
124 22 135 22
124 32 135 32
124 66 135 66
124 68 129 69
124 72 135 72
124 95 134 95
124 96 134 96
124 97 134 97
124 98 134 98
124 99 129 100
124 103 129 104
124 117 135 117
124 122 135 122
124 125 135 125
124 128 129 129
124 137 135 137
124 147 135 147
124 157 135 157
124 162 129 163
124 192 135 192
124 218 135 218
124 237 135 237
125 7 136 7
125 9 127 12
125 46 130 47
125 63 136 63
125 76 130 77
125 80 136 80
125 84 136 84
125 101 130 102
125 114 136 114
125 126 136 126
125 138 136 138
125 148 136 148
125 150 127 153
125 158 130 159
125 170 136 170
125 172 128 174
125 180 136 180
125 190 136 190
125 201 128 203
125 227 136 227
125 233 128 235
125 241 130 242
125 248 130 249
126 0 128 3
126 36 136 36
126 37 137 37
126 45 137 45
126 54 128 57
126 60 129 62
126 88 136 88
126 90 131 91
126 93 137 93
126 110 128 113
126 120 131 121
126 133 136 133
126 134 136 134
126 135 137 135
126 149 137 149
126 177 137 177
126 181 137 181
126 184 128 187
126 213 128 216
126 228 137 228
126 230 137 230
126 240 137 240
127 20 132 21
127 27 138 27
127 33 130 35
127 38 138 38
127 48 138 48
127 50 130 52
127 81 130 83
127 87 138 87
127 109 138 109
127 140 132 141
127 166 138 166
127 183 138 183
127 191 138 191
127 204 138 204
127 206 132 207
127 209 132 210
127 221 138 221
127 229 138 229
127 236 138 236
128 9 130 12
128 17 131 19
128 23 133 24
128 75 139 75
128 89 139 89
128 132 139 132
128 139 139 139
128 142 138 142
128 146 139 146
128 150 130 153
128 171 139 171
128 188 139 188
128 198 139 198
128 200 139 200
128 208 139 208
128 222 133 223
128 226 139 226
128 246 139 246
129 0 131 3
129 14 139 14
129 15 140 15
129 25 140 25
129 28 140 28
129 53 131 56
129 57 140 57
129 73 140 73
129 106 140 106
129 111 132 113
129 119 140 119
129 131 140 131
129 143 140 143
129 154 134 155
129 160 140 160
129 165 140 165
129 168 134 169
129 172 132 174
129 179 140 179
129 182 140 182
129 184 131 187
129 197 140 197
129 201 132 203
129 213 131 216
129 233 132 235
129 245 140 245
130 6 141 6
130 16 141 16
130 31 141 31
130 39 133 41
130 60 133 62
130 67 133 69
130 99 135 100
130 103 135 104
130 107 141 107
130 128 135 129
130 144 141 144
130 162 135 163
130 167 141 167
130 193 140 193
130 194 141 194
130 199 141 199
130 219 141 219
130 239 141 239
131 9 133 12
131 33 134 35
131 42 142 42
131 46 136 47
131 50 134 52
131 64 142 64
131 76 136 77
131 101 136 102
131 108 142 108
131 118 142 118
131 130 142 130
131 145 142 145
131 152 136 153
131 156 142 156
131 158 136 159
131 178 142 178
131 189 142 189
131 212 142 212
131 241 136 242
131 248 136 249
132 0 134 3
132 5 143 5
132 17 135 19
132 26 143 26
132 53 142 53
132 54 142 54
132 55 137 56
132 59 143 59
132 79 143 79
132 82 137 83
132 90 142 90
132 91 143 91
132 121 143 121
132 136 143 136
132 150 137 151
132 184 134 187
132 213 134 216
132 217 143 217
132 224 143 224
132 231 143 231
132 244 143 244
132 247 143 247
133 8 144 8
133 20 138 21
133 71 144 71
133 94 144 94
133 105 144 105
133 111 136 113
133 115 138 116
133 123 144 123
133 140 138 141
133 161 144 161
133 172 136 174
133 195 138 196
133 201 143 201
133 202 143 202
133 203 144 203
133 206 138 207
133 209 138 210
133 225 144 225
133 233 136 235
133 238 144 238
134 9 136 12
134 13 145 13
134 23 139 24
134 30 145 30
134 39 144 39
134 40 144 40
134 41 145 41
134 43 139 44
134 49 145 49
134 60 137 62
134 65 145 65
134 67 136 70
134 74 145 74
134 86 145 86
134 120 145 120
134 127 145 127
134 176 145 176
134 211 145 211
135 0 137 3
135 4 146 4
135 29 146 29
135 34 140 35
135 50 138 52
135 58 146 58
135 78 146 78
135 85 146 85
135 92 146 92
135 95 137 98
135 124 146 124
135 154 140 155
135 164 146 164
135 168 140 169
135 175 146 175
135 184 137 187
135 205 146 205
135 213 137 216
135 220 146 220
135 222 145 222
136 17 139 19
136 22 147 22
136 66 147 66
136 72 147 72
136 99 141 100
136 103 146 103
136 104 147 104
136 117 147 117
136 122 147 122
136 125 147 125
136 128 141 129
136 137 147 137
136 147 147 147
136 162 141 163
136 192 147 192
136 218 147 218
136 232 147 232
137 7 148 7
137 9 139 12
137 36 148 36
137 46 142 47
137 63 148 63
137 67 139 70
137 77 148 77
137 80 142 81
137 88 148 88
137 101 142 102
137 110 139 113
137 114 148 114
137 126 148 126
137 133 142 134
137 138 148 138
137 152 142 153
137 157 140 159
137 170 148 170
137 172 140 174
137 180 148 180
137 190 148 190
137 223 148 223
137 227 148 227
137 233 140 235
137 241 140 243
137 248 142 249
138 0 140 3
138 37 149 37
138 45 149 45
138 55 143 56
138 60 141 62
138 82 141 84
138 93 149 93
138 95 148 95
138 96 141 98
138 135 149 135
138 148 142 149
138 151 149 151
138 177 149 177
138 181 149 181
138 184 140 187
138 213 140 216
138 228 149 228
138 230 149 230
138 237 149 237
139 20 144 21
139 27 150 27
139 32 149 32
139 38 150 38
139 48 150 48
139 50 142 52
139 87 150 87
139 109 150 109
139 115 144 116
139 140 142 142
139 166 150 166
139 183 150 183
139 191 150 191
139 195 144 196
139 204 150 204
139 206 144 207
139 209 144 210
139 221 150 221
139 229 150 229
139 236 150 236
139 240 150 240
140 9 142 12
140 14 151 14
140 17 143 19
140 23 145 24
140 43 145 44
140 67 142 70
140 75 145 76
140 89 151 89
140 110 142 113
140 132 151 132
140 139 151 139
140 146 151 146
140 171 151 171
140 188 151 188
140 198 151 198
140 200 151 200
140 208 151 208
140 246 151 246
141 0 143 3
141 15 152 15
141 25 152 25
141 33 144 35
141 57 152 57
141 106 152 106
141 119 152 119
141 131 152 131
141 143 152 143
141 154 146 155
141 157 143 160
141 165 152 165
141 168 146 169
141 172 144 174
141 179 152 179
141 182 152 182
141 184 143 187
141 193 152 193
141 213 143 216
141 233 144 235
141 241 144 243
142 6 153 6
142 16 153 16
142 31 153 31
142 61 147 62
142 82 145 84
142 97 152 97
142 99 147 100
142 107 153 107
142 128 147 129
142 144 153 144
142 162 147 163
142 167 153 167
142 194 153 194
142 219 153 219
142 226 153 226
142 239 153 239
143 9 145 12
143 28 154 28
143 42 154 42
143 46 148 47
143 50 145 53
143 60 154 60
143 64 154 64
143 67 145 70
143 73 154 73
143 80 148 81
143 90 154 90
143 96 154 96
143 98 154 98
143 101 148 102
143 108 154 108
143 111 146 113
143 118 154 118
143 130 154 130
143 133 148 134
143 140 146 142
143 145 154 145
143 148 146 150
143 152 148 153
143 178 154 178
143 189 154 189
143 212 154 212
143 248 148 249
144 0 146 3
144 17 147 19
144 26 155 26
144 54 147 56
144 59 155 59
144 79 155 79
144 91 155 91
144 121 155 121
144 136 155 136
144 157 146 160
144 184 146 187
144 199 155 199
144 201 149 202
144 213 146 216
144 217 155 217
144 224 155 224
144 245 155 245
144 247 155 247
145 5 156 5
145 20 150 21
145 33 148 35
145 39 150 40
145 94 156 94
145 116 156 116
145 123 156 123
145 161 156 161
145 172 148 174
145 195 148 197
145 203 156 203
145 207 156 207
145 209 150 210
145 225 156 225
145 233 148 235
145 238 156 238
145 241 147 244
146 8 147 13
146 23 151 24
146 30 157 30
146 43 151 44
146 49 148 52
146 53 157 53
146 65 157 65
146 67 148 70
146 71 157 71
146 74 149 76
146 82 149 84
146 86 157 86
146 127 157 127
146 176 157 176
146 206 157 206
146 211 157 211
146 222 157 222
147 0 149 3
147 4 158 4
147 29 158 29
147 78 158 78
147 85 158 85
147 92 158 92
147 103 158 103
147 110 149 113
147 115 158 115
147 124 158 124
147 140 150 142
147 148 150 150
147 155 148 160
147 164 158 164
147 168 152 169
147 175 158 175
147 184 149 187
147 213 149 216
147 220 158 220
148 8 149 13
148 17 158 17
148 19 159 19
148 22 159 22
148 54 151 56
148 58 159 58
148 62 159 62
148 66 159 66
148 72 159 72
148 99 153 100
148 104 153 105
148 117 159 117
148 120 159 120
148 122 159 122
148 125 159 125
148 128 153 129
148 137 159 137
148 147 159 147
148 154 159 154
148 162 153 163
148 192 159 192
148 205 159 205
148 218 159 218
148 231 153 232
148 241 152 242
149 7 160 7
149 18 160 18
149 33 151 36
149 46 154 47
149 49 151 52
149 63 160 63
149 67 151 70
149 80 154 81
149 88 160 88
149 101 154 102
149 126 160 126
149 133 154 134
149 138 160 138
149 152 154 153
149 155 150 160
149 170 160 170
149 172 152 174
149 180 160 180
149 190 160 190
149 195 152 197
149 227 160 227
149 233 152 235
149 243 157 243
149 248 154 249
150 0 152 3
150 8 151 13
150 32 161 32
150 37 161 37
150 45 161 45
150 74 152 77
150 82 153 84
150 93 161 93
150 95 161 95
150 110 152 113
150 151 161 151
150 177 161 177
150 184 152 187
150 201 155 202
150 213 152 216
150 228 161 228
150 230 161 230
150 237 161 237
150 244 161 244
151 20 156 21
151 27 162 27
151 38 153 41
151 48 162 48
151 61 162 61
151 87 162 87
151 109 162 109
151 114 162 114
151 140 154 142
151 148 154 150
151 155 161 155
151 156 161 156
151 157 153 160
151 166 162 166
151 183 162 183
151 191 162 191
151 204 162 204
151 209 156 210
151 229 162 229
151 236 162 236
151 240 162 240
152 8 162 8
152 9 162 9
152 10 154 13
152 14 163 14
152 23 157 24
152 33 154 36
152 43 157 44
152 49 154 52
152 54 155 56
152 67 154 70
152 89 163 89
152 132 163 132
152 135 163 135
152 139 163 139
152 146 163 146
152 171 163 171
152 181 163 181
152 188 163 188
152 198 163 198
152 200 163 200
152 208 163 208
152 221 163 221
152 246 163 246
153 0 155 3
153 15 164 15
153 25 164 25
153 57 164 57
153 74 163 74
153 75 163 75
153 76 158 77
153 97 164 97
153 106 164 106
153 110 155 113
153 119 164 119
153 143 164 143
153 165 164 165
153 168 158 169
153 172 156 174
153 179 164 179
153 182 164 182
153 184 155 187
153 193 164 193
153 195 156 197
153 213 163 213
153 214 156 216
153 233 156 235
153 241 158 242
154 6 165 6
154 31 165 31
154 38 156 41
154 82 164 82
154 83 159 84
154 99 159 100
154 104 159 105
154 107 165 107
154 128 159 129
154 131 165 131
154 157 156 160
154 162 159 163
154 167 165 167
154 194 165 194
154 219 165 219
154 223 165 223
154 226 165 226
154 231 159 232
155 10 157 13
155 16 166 16
155 33 159 34
155 35 160 36
155 46 160 47
155 49 157 52
155 60 166 60
155 64 166 64
155 67 157 70
155 73 166 73
155 80 160 81
155 96 166 96
155 98 166 98
155 101 160 102
155 108 166 108
155 130 166 130
155 133 160 134
155 142 166 142
155 148 158 150
155 152 160 153
155 178 166 178
155 189 166 189
155 248 160 249
156 0 158 3
156 26 167 26
156 54 159 56
156 59 167 59
156 79 167 79
156 110 158 113
156 121 167 121
156 136 167 136
156 144 166 144
156 145 167 145
156 185 166 185
156 187 167 187
156 199 167 199
156 201 161 202
156 217 167 217
156 224 167 224
156 245 167 245
156 247 167 247
157 5 168 5
157 20 162 21
157 38 159 41
157 91 168 91
157 94 168 94
157 116 168 116
157 118 168 118
157 140 167 140
157 157 159 160
157 161 168 161
157 172 160 174
157 195 160 197
157 203 168 203
157 207 168 207
157 209 162 210
157 214 160 216
157 225 168 225
157 233 160 235
157 238 162 239
158 10 160 13
158 23 163 24
158 30 169 30
158 42 161 44
158 49 160 52
158 53 169 53
158 65 169 65
158 67 160 70
158 71 169 71
158 127 169 127
158 176 169 176
158 206 169 206
158 211 163 212
158 222 169 222
158 243 169 243
159 1 169 1
159 2 169 2
159 4 170 4
159 17 170 17
159 28 164 29
159 76 162 78
159 85 164 86
159 92 170 92
159 103 170 103
159 110 161 113
159 115 170 115
159 123 164 124
159 148 162 150
159 164 170 164
159 168 164 169
159 175 170 175
159 184 170 184
159 186 170 186
159 220 170 220
159 241 164 242
160 0 171 0
160 3 171 3
160 19 171 19
160 22 171 22
160 33 165 34
160 38 162 41
160 54 163 56
160 58 171 58
160 62 171 62
160 66 171 66
160 72 171 72
160 83 165 84
160 99 165 100
160 104 170 104
160 105 171 105
160 117 171 117
160 120 171 120
160 128 165 129
160 137 171 137
160 147 171 147
160 157 162 160
160 162 165 163
160 192 171 192
160 205 171 205
160 218 171 218
160 231 165 232
161 7 172 7
161 10 163 13
161 18 172 18
161 35 166 36
161 46 166 47
161 50 164 52
161 63 172 63
161 67 163 70
161 80 166 81
161 88 172 88
161 101 166 102
161 122 172 122
161 125 166 126
161 133 166 134
161 138 172 138
161 152 164 154
161 170 172 170
161 172 171 172
161 174 172 174
161 190 172 190
161 195 164 197
161 214 164 216
161 227 172 227
161 233 164 235
161 248 166 249
162 37 173 37
162 42 172 42
162 44 167 45
162 90 173 90
162 93 173 93
162 95 173 95
162 110 164 113
162 151 173 151
162 155 167 156
162 177 173 177
162 202 173 202
162 228 173 228
162 230 173 230
162 237 173 237
162 244 173 244
163 8 168 9
163 20 168 21
163 27 174 27
163 38 165 41
163 43 174 43
163 48 168 49
163 61 174 61
163 77 168 78
163 87 174 87
163 109 174 109
163 114 174 114
163 141 174 141
163 148 173 148
163 149 168 150
163 157 165 160
163 166 174 166
163 183 174 183
163 191 174 191
163 204 174 204
163 209 168 210
163 229 174 229
163 236 174 236
163 238 166 240
164 10 166 13
164 23 169 24
164 54 167 56
164 67 166 70
164 74 167 76
164 89 175 89
164 132 175 132
164 135 175 135
164 139 175 139
164 146 175 146
164 171 175 171
164 180 169 181
164 188 175 188
164 200 174 200
164 211 167 213
164 221 175 221
164 246 175 246
165 15 176 15
165 25 176 25
165 28 170 29
165 50 168 52
165 57 176 57
165 82 176 82
165 85 175 85
165 86 176 86
165 97 176 97
165 106 176 106
165 110 167 113
165 119 176 119
165 123 170 124
165 143 176 143
165 152 168 154
165 165 176 165
165 168 175 168
165 173 176 173
165 179 176 179
165 182 176 182
165 193 176 193
165 195 167 198
165 201 176 201
165 214 168 216
165 233 168 235
165 241 170 242
166 6 177 6
166 31 168 34
166 38 168 41
166 83 171 84
166 99 171 100
166 107 177 107
166 128 171 129
166 131 177 131
166 157 168 160
166 162 171 163
166 167 177 167
166 194 177 194
166 219 177 219
166 223 177 223
166 226 177 226
166 231 171 232
167 10 169 13
167 35 172 36
167 46 172 47
167 60 178 60
167 64 178 64
167 67 169 70
167 73 178 73
167 80 172 81
167 96 178 96
167 98 178 98
167 101 172 102
167 108 178 108
167 125 172 126
167 130 178 130
167 134 178 134
167 142 178 142
167 144 178 144
167 185 178 185
167 189 178 189
167 238 170 240
167 248 172 249
168 16 179 16
168 26 179 26
168 44 173 45
168 54 171 56
168 59 179 59
168 74 171 76
168 79 179 79
168 110 170 113
168 121 179 121
168 133 179 133
168 136 179 136
168 145 179 145
168 155 173 156
168 178 179 178
168 187 179 187
168 196 170 199
168 211 171 213
168 217 179 217
168 224 179 224
169 5 180 5
169 8 174 9
169 21 180 21
169 31 171 34
169 38 171 41
169 48 179 48
169 49 171 52
169 77 174 78
169 91 180 91
169 94 180 94
169 116 180 116
169 118 180 118
169 149 174 150
169 152 172 154
169 157 171 160
169 195 180 195
169 203 180 203
169 207 171 210
169 214 172 216
169 225 180 225
169 233 172 235
169 247 180 247
170 1 175 2
170 10 172 13
170 23 175 24
170 30 181 30
170 53 181 53
170 65 181 65
170 67 172 70
170 71 181 71
170 127 181 127
170 169 181 169
170 176 181 176
170 180 175 181
170 206 181 206
170 222 181 222
170 243 181 243
171 4 182 4
171 14 182 14
171 20 182 20
171 28 176 29
171 92 182 92
171 103 176 104
171 110 175 111
171 112 176 113
171 115 182 115
171 123 176 124
171 164 182 164
171 175 182 175
171 184 182 184
171 186 182 186
171 196 173 199
171 220 182 220
171 238 173 241
171 242 182 242
171 245 182 245
172 0 183 0
172 3 183 3
172 19 183 19
172 31 182 31
172 32 182 32
172 34 183 34
172 38 174 41
172 49 174 52
172 54 175 56
172 58 183 58
172 62 183 62
172 66 183 66
172 72 183 72
172 74 175 76
172 83 177 84
172 99 177 100
172 105 183 105
172 117 183 117
172 120 183 120
172 128 177 129
172 137 183 137
172 147 183 147
172 157 182 157
172 158 173 163
172 172 183 172
172 205 183 205
172 207 173 212
172 213 183 213
172 218 183 218
172 231 177 232
173 7 184 7
173 10 175 13
173 17 178 18
173 35 178 36
173 42 184 42
173 46 178 47
173 63 184 63
173 67 175 70
173 80 178 81
173 88 184 88
173 101 178 102
173 122 184 122
173 125 183 125
173 126 184 126
173 138 184 138
173 152 176 154
173 174 184 174
173 190 184 190
173 192 184 192
173 214 176 216
173 233 176 235
173 248 178 249
174 33 185 33
174 44 179 45
174 90 185 90
174 93 185 93
174 95 185 95
174 148 185 148
174 151 185 151
174 155 179 156
174 158 175 163
174 196 176 199
174 202 185 202
174 207 175 212
174 227 179 228
174 230 185 230
174 237 176 240
175 8 180 9
175 27 186 27
175 37 177 40
175 41 186 41
175 43 186 43
175 49 177 52
175 61 186 61
175 77 180 78
175 114 186 114
175 141 186 141
175 149 180 150
175 166 186 166
175 177 186 177
175 183 186 183
175 191 186 191
175 200 186 200
175 204 186 204
175 229 186 229
175 236 186 236
176 1 181 2
176 10 178 13
176 22 179 24
176 54 179 56
176 67 178 70
176 74 179 76
176 85 187 85
176 89 187 89
176 110 186 110
176 111 187 111
176 135 187 135
176 139 181 140
176 146 187 146
176 158 177 163
176 168 187 168
176 170 181 171
176 180 181 181
176 188 187 188
176 207 177 212
176 221 187 221
176 246 187 246
177 15 188 15
177 28 182 29
177 57 188 57
177 82 188 82
177 86 187 86
177 87 188 87
177 97 188 97
177 103 182 104
177 106 188 106
177 112 182 113
177 119 188 119
177 123 182 124
177 143 188 143
177 152 187 152
177 154 188 154
177 165 188 165
177 173 188 173
177 179 188 179
177 182 188 182
177 193 188 193
177 196 179 199
177 201 188 201
177 214 180 216
177 233 180 235
177 237 179 240
178 6 189 6
178 37 180 40
178 49 180 52
178 83 183 84
178 99 183 100
178 109 189 109
178 128 183 129
178 131 183 132
178 153 189 153
178 158 180 160
178 162 183 163
178 167 189 167
178 194 189 194
178 207 179 212
178 219 189 219
178 223 189 223
178 231 183 232
179 10 181 13
179 17 184 18
179 35 184 36
179 46 184 47
179 64 190 64
179 67 181 70
179 73 190 73
179 80 184 81
179 98 190 98
179 101 184 102
179 107 184 108
179 134 190 134
179 142 190 142
179 144 190 144
179 185 190 185
179 189 190 189
179 241 190 241
179 248 184 249
180 16 191 16
180 22 182 25
180 26 191 26
180 45 191 45
180 48 191 48
180 54 183 56
180 74 183 76
180 79 191 79
180 121 191 121
180 136 191 136
180 145 191 145
180 156 191 156
180 161 191 161
180 178 191 178
180 187 191 187
180 196 182 199
180 207 181 212
180 217 191 217
180 224 191 224
180 226 183 228
180 237 182 240
181 5 192 5
181 8 186 9
181 37 183 40
181 44 192 44
181 49 191 49
181 50 191 50
181 77 186 78
181 91 192 91
181 94 192 94
181 96 192 96
181 116 192 116
181 149 186 150
181 158 184 160
181 195 192 195
181 203 192 203
181 214 184 216
181 233 184 235
181 244 192 244
181 247 192 247
182 10 184 13
182 21 193 21
182 30 193 30
182 51 185 53
182 67 184 70
182 71 193 71
182 127 193 127
182 130 193 130
182 139 187 140
182 169 185 171
182 176 193 176
182 180 187 181
182 206 183 211
182 212 193 212
182 222 193 222
182 243 193 243
183 4 194 4
183 14 194 14
183 20 194 20
183 22 193 22
183 23 193 23
183 25 194 25
183 28 188 29
183 31 188 32
183 60 194 60
183 92 194 92
183 103 188 104
183 112 188 113
183 115 194 115
183 118 194 118
183 123 188 124
183 157 194 157
183 164 194 164
183 175 194 175
183 184 194 184
183 186 194 186
183 196 185 199
183 220 194 220
183 237 185 240
183 242 194 242
183 245 194 245
184 0 186 3
184 19 195 19
184 34 195 34
184 37 186 40
184 54 187 56
184 58 189 59
184 62 195 62
184 66 195 66
184 72 195 72
184 74 187 76
184 83 189 84
184 99 189 100
184 105 195 105
184 117 195 117
184 120 195 120
184 125 195 125
184 128 189 129
184 131 187 133
184 137 195 137
184 147 195 147
184 162 189 163
184 205 185 210
184 211 195 211
184 213 195 213
184 225 186 228
184 231 189 232
185 7 196 7
185 10 187 13
185 17 190 18
185 35 195 35
185 42 196 42
185 46 190 47
185 63 196 63
185 67 187 70
185 80 190 81
185 88 196 88
185 101 190 102
185 107 190 108
185 122 196 122
185 126 196 126
185 138 196 138
185 158 195 158
185 159 190 160
185 172 196 172
185 174 196 174
185 190 196 190
185 192 196 192
185 214 188 216
185 233 188 235
185 248 190 249
186 33 197 33
186 51 189 53
186 90 197 90
186 93 197 93
186 95 197 95
186 148 197 148
186 151 197 151
186 169 196 169
186 170 191 171
186 196 188 199
186 202 197 202
186 205 187 210
186 230 197 230
186 237 188 240
187 0 189 3
187 8 192 9
187 36 188 41
187 43 198 43
187 61 198 61
187 77 192 78
187 110 198 110
187 114 198 114
187 149 192 150
187 155 198 155
187 177 198 177
187 183 198 183
187 200 198 200
187 204 198 204
187 225 189 228
187 236 198 236
188 10 190 13
188 54 191 56
188 67 190 70
188 74 191 76
188 85 193 86
188 89 199 89
188 131 191 133
188 135 199 135
188 139 191 141
188 146 199 146
188 152 199 152
188 180 193 181
188 188 199 188
188 205 189 210
188 221 199 221
188 246 199 246
189 27 192 29
189 31 194 32
189 37 199 37
189 38 191 41
189 57 199 57
189 82 199 82
189 87 199 87
189 97 199 97
189 103 194 104
189 111 192 113
189 119 199 119
189 123 194 124
189 143 199 143
189 154 199 154
189 165 194 166
189 173 199 173
189 179 199 179
189 182 199 182
189 193 199 193
189 196 191 199
189 201 199 201
189 214 192 216
189 233 192 235
189 237 191 240
190 3 199 3
190 51 193 53
190 58 195 59
190 83 195 84
190 99 195 100
190 109 199 109
190 153 199 153
190 162 195 163
190 167 195 168
190 205 191 210
190 223 199 223
190 225 192 228
190 231 195 232
191 0 194 2
191 10 193 13
191 17 196 18
191 46 196 47
191 64 196 65
191 67 193 70
191 73 199 73
191 80 196 81
191 101 196 102
191 106 194 108
191 128 196 129
191 142 199 142
191 144 199 144
191 185 199 185
191 218 196 219
191 241 199 241
191 248 196 249
192 38 194 41
192 48 195 50
192 54 195 56
192 75 197 76
192 79 199 79
192 131 194 134
192 139 195 141
192 145 199 145
192 160 197 161
192 170 197 171
192 178 199 178
192 187 199 187
192 196 194 199
192 205 193 210
192 217 199 217
192 224 199 224
192 237 194 240
193 5 198 6
193 8 198 9
193 26 195 29
193 77 198 78
193 111 196 113
193 149 198 150
193 194 198 195
193 214 196 216
193 225 194 229
193 233 196 235
194 10 196 13
194 21 196 24
194 51 197 53
194 67 196 70
194 85 199 86
194 180 199 181
194 205 195 210
194 243 199 244
195 14 198 16
195 30 198 32
195 38 197 41
195 103 199 104
195 106 198 108
195 115 199 116
195 130 197 133
195 164 198 166
195 175 199 176
195 196 197 199
195 225 197 228
195 237 197 240
196 0 199 2
196 25 197 29
196 34 199 36
196 48 199 50
196 58 199 60
196 123 199 125
196 139 199 141
196 156 198 159
196 167 199 168
196 209 198 212
197 10 199 13
197 63 198 68
197 69 199 72
197 98 199 101
197 120 199 122
197 126 199 129
197 205 199 208
197 213 199 216
197 218 199 220
197 231 199 234
198 21 199 26
198 38 199 42
198 51 199 56
198 90 199 95
198 130 199 134
198 160 199 163
198 225 199 230
